<?xml version="1.0" encoding="UTF-8"?>
<!-- Generated by org.testng.reporters.JUnitXMLReporter -->
<testsuite ignored="0" hostname="RDPC42" failures="0" tests="4" name="Surefire test" time="9.82" errors="0" timestamp="2023-05-10T12:32:21 IST">
  <testcase classname="api.test.UserTest" name="testPostUser" time="4.327"/>
  <testcase classname="api.test.UserTest" name="testGetUser" time="1.272"/>
  <testcase classname="api.test.UserTest" name="testPutUser" time="2.484"/>
  <testcase classname="api.test.UserTest" name="testDeleteUser" time="1.252"/>
</testsuite> <!-- Surefire test -->
