<?xml version="1.0" encoding="UTF-8"?>
<testng-results ignored="0" total="4" passed="4" failed="0" skipped="0">
  <reporter-output>
  </reporter-output>
  <suite started-at="2023-05-10T12:32:11 IST" name="Surefire suite" finished-at="2023-05-10T12:32:21 IST" duration-ms="9820">
    <groups>
    </groups>
    <test started-at="2023-05-10T12:32:11 IST" name="Surefire test" finished-at="2023-05-10T12:32:21 IST" duration-ms="9820">
      <class name="api.test.UserTest">
        <test-method is-config="true" signature="setupData()[pri:0, instance:api.test.UserTest@3c73951]" started-at="2023-05-10T12:32:11 IST" name="setupData" finished-at="2023-05-10T12:32:12 IST" duration-ms="401" status="PASS">
          <reporter-output>
          </reporter-output>
        </test-method> <!-- setupData -->
        <test-method signature="testPostUser()[pri:1, instance:api.test.UserTest@3c73951]" started-at="2023-05-10T12:32:12 IST" name="testPostUser" finished-at="2023-05-10T12:32:16 IST" duration-ms="4327" status="PASS">
          <reporter-output>
          </reporter-output>
        </test-method> <!-- testPostUser -->
        <test-method signature="testGetUser()[pri:2, instance:api.test.UserTest@3c73951]" started-at="2023-05-10T12:32:16 IST" name="testGetUser" finished-at="2023-05-10T12:32:17 IST" duration-ms="1272" status="PASS">
          <reporter-output>
          </reporter-output>
        </test-method> <!-- testGetUser -->
        <test-method signature="testPutUser()[pri:3, instance:api.test.UserTest@3c73951]" started-at="2023-05-10T12:32:17 IST" name="testPutUser" finished-at="2023-05-10T12:32:20 IST" duration-ms="2484" status="PASS">
          <reporter-output>
          </reporter-output>
        </test-method> <!-- testPutUser -->
        <test-method signature="testDeleteUser()[pri:4, instance:api.test.UserTest@3c73951]" started-at="2023-05-10T12:32:20 IST" name="testDeleteUser" finished-at="2023-05-10T12:32:21 IST" duration-ms="1252" status="PASS">
          <reporter-output>
          </reporter-output>
        </test-method> <!-- testDeleteUser -->
      </class> <!-- api.test.UserTest -->
    </test> <!-- Surefire test -->
  </suite> <!-- Surefire suite -->
</testng-results>
